Change Component Designator: Old Designator=AN1 New Designator=AN?
Change Component Designator: Old Designator=BT1 New Designator=BT?
Change Component Designator: Old Designator=C1 New Designator=C?
Change Component Designator: Old Designator=C2 New Designator=C?
Change Component Designator: Old Designator=C3 New Designator=C?
Change Component Designator: Old Designator=C4 New Designator=C?
Change Component Designator: Old Designator=C5 New Designator=C?
Change Component Designator: Old Designator=C6 New Designator=C?
Change Component Designator: Old Designator=C7 New Designator=C?
Change Component Designator: Old Designator=C8 New Designator=C?
Change Component Designator: Old Designator=C9 New Designator=C?
Change Component Designator: Old Designator=C10 New Designator=C?
Change Component Designator: Old Designator=C11 New Designator=C?
Change Component Designator: Old Designator=C12 New Designator=C?
Change Component Designator: Old Designator=C13 New Designator=C?
Change Component Designator: Old Designator=C14 New Designator=C?
Change Component Designator: Old Designator=D1 New Designator=D?
Change Component Designator: Old Designator=D2 New Designator=D?
Change Component Designator: Old Designator=D5 New Designator=D?
Change Component Designator: Old Designator=L1 New Designator=L?
Change Component Designator: Old Designator=L2 New Designator=L?
Change Component Designator: Old Designator=LED1 New Designator=LED?
Change Component Designator: Old Designator=R1 New Designator=R?
Change Component Designator: Old Designator=R2 New Designator=R?
Change Component Designator: Old Designator=R3 New Designator=R?
Change Component Designator: Old Designator=R4 New Designator=R?
Change Component Designator: Old Designator=R5 New Designator=R?
Change Component Designator: Old Designator=R6 New Designator=R?
Change Component Designator: Old Designator=R7 New Designator=R?
Change Component Designator: Old Designator=R11 New Designator=R?
Change Component Designator: Old Designator=TP1 New Designator=TP?
Change Component Designator: Old Designator=TP2 New Designator=TP?
Change Component Designator: Old Designator=TP3 New Designator=TP?
Change Component Designator: Old Designator=TP4 New Designator=TP?
Change Component Designator: Old Designator=U1 New Designator=U?
Change Component Designator: Old Designator=U2 New Designator=U?
Change Component Designator: Old Designator=U3 New Designator=U?
Change Component Designator: Old Designator=Y1 New Designator=Y?
