Added Component: Designator=AN1(NFC_Antenna)
Added Component: Designator=C12(1608[0603])
Added Component: Designator=C13(1608[0603])
Added Component: Designator=C14(1608[0603])
Added Component: Designator=R7(J1-0603)
Added Pin To Net: NetName=GND Pin=C13-1
Added Pin To Net: NetName=GND Pin=C14-1
Added Pin To Net: NetName=GND Pin=U3-4
Added Pin To Net: NetName=NetAN1_AC0 Pin=AN1-AC0
Added Pin To Net: NetName=NetAN1_AC0 Pin=C12-1
Added Pin To Net: NetName=NetAN1_AC0 Pin=C14-2
Added Pin To Net: NetName=NetAN1_AC0 Pin=R7-1
Added Pin To Net: NetName=NetAN1_AC0 Pin=U3-2
Added Net: Name=NetAN1_AC0
Added Pin To Net: NetName=NetAN1_AC1 Pin=AN1-AC1
Added Pin To Net: NetName=NetAN1_AC1 Pin=C12-2
Added Pin To Net: NetName=NetAN1_AC1 Pin=C13-2
Added Pin To Net: NetName=NetAN1_AC1 Pin=R7-2
Added Pin To Net: NetName=NetAN1_AC1 Pin=U3-3
Added Net: Name=NetAN1_AC1
Added Member To Class: ClassName=Main Member=Component AN1 NFC Antenna
Added Member To Class: ClassName=Main Member=Component C12 Cap
Added Member To Class: ClassName=Main Member=Component C13 Cap
Added Member To Class: ClassName=Main Member=Component C14 Cap
Added Member To Class: ClassName=Main Member=Component R7 Res1
Added Room: Name=Main
