Removed Pin From Net: NetName=LED1 Pin=D2-1
Removed Pin From Net: NetName=LED4 Pin=D3-1
Removed Pin From Net: NetName=LED7 Pin=D4-1
Removed Pin From Net: NetName=LED1 Pin=D5-1
Removed Pin From Net: NetName=LED4 Pin=D6-1
Removed Pin From Net: NetName=LED7 Pin=D7-1
Removed Pin From Net: NetName=LED2 Pin=D8-1
Removed Pin From Net: NetName=LED5 Pin=D9-1
Removed Pin From Net: NetName=LED8 Pin=D10-1
Removed Pin From Net: NetName=LED2 Pin=D11-1
Removed Pin From Net: NetName=LED5 Pin=D12-1
Removed Pin From Net: NetName=LED8 Pin=D13-1
Removed Pin From Net: NetName=LED3 Pin=D14-1
Removed Pin From Net: NetName=LED6 Pin=D15-1
Removed Pin From Net: NetName=LED9 Pin=D16-1
Removed Pin From Net: NetName=LED3 Pin=D17-1
Removed Pin From Net: NetName=LED6 Pin=D18-1
Removed Pin From Net: NetName=LED9 Pin=D19-1
Removed Pin From Net: NetName=GND Pin=R8-1
Removed Pin From Net: NetName=GND Pin=R9-1
Removed Pin From Net: NetName=GND Pin=R10-1
Removed Pin From Net: NetName=GND Pin=R12-1
Removed Pin From Net: NetName=GND Pin=R13-1
Removed Pin From Net: NetName=GND Pin=R14-1
Removed Pin From Net: NetName=GND Pin=R15-1
Removed Pin From Net: NetName=GND Pin=R16-1
Removed Pin From Net: NetName=GND Pin=R17-1
Change Component Designator: OldDesignator=C1 NewDesignator=C4
Change Component Designator: OldDesignator=C2 NewDesignator=C5
Change Component Designator: OldDesignator=C3 NewDesignator=C20
Change Component Designator: OldDesignator=C4 NewDesignator=C21
Change Component Designator: OldDesignator=C5 NewDesignator=C22
Change Component Designator: OldDesignator=C6 NewDesignator=C12
Change Component Designator: OldDesignator=C7 NewDesignator=C13
Change Component Designator: OldDesignator=C8 NewDesignator=C14
Change Component Designator: OldDesignator=C9 NewDesignator=C15
Change Component Designator: OldDesignator=C10 NewDesignator=C16
Change Component Designator: OldDesignator=C11 NewDesignator=C23
Change Component Designator: OldDesignator=C12 NewDesignator=C17
Change Component Designator: OldDesignator=C13 NewDesignator=C18
Change Component Designator: OldDesignator=C14 NewDesignator=C19
Change Component Designator: OldDesignator=D1 NewDesignator=D7
Change Component Designator: OldDesignator=D2 NewDesignator=D1
Change Component Designator: OldDesignator=D5 NewDesignator=D4
Change Component Designator: OldDesignator=R1 NewDesignator=R5
Change Component Designator: OldDesignator=R2 NewDesignator=R12
Change Component Designator: OldDesignator=R3 NewDesignator=R13
Change Component Designator: OldDesignator=R4 NewDesignator=R14
Change Component Designator: OldDesignator=R5 NewDesignator=R17
Change Component Designator: OldDesignator=R6 NewDesignator=R16
Change Component Designator: OldDesignator=R7 NewDesignator=R15
Change Component Designator: OldDesignator=R11 NewDesignator=R4
Added Component: Designator=C1(1608[0603])
Added Component: Designator=C2(1608[0603])
Added Component: Designator=C3(1608[0603])
Added Component: Designator=C6(1608[0603])
Added Component: Designator=C7(1608[0603])
Added Component: Designator=C8(1608[0603])
Added Component: Designator=C9(1608[0603])
Added Component: Designator=C10(1608[0603])
Added Component: Designator=C11(1608[0603])
Added Component: Designator=D2(LED 0805/2012 GREEN)
Added Component: Designator=D5(LED 0805/2012 GREEN)
Added Component: Designator=R1(J1-0603)
Added Component: Designator=R2(J1-0603)
Added Component: Designator=R3(J1-0603)
Added Component: Designator=R6(J1-0603)
Added Component: Designator=R7(J1-0603)
Added Component: Designator=R11(J1-0603)
Added Pin To Net: NetName=GND Pin=C1-1
Added Pin To Net: NetName=GND Pin=C2-1
Added Pin To Net: NetName=GND Pin=C3-1
Added Pin To Net: NetName=GND Pin=C6-1
Added Pin To Net: NetName=GND Pin=C7-1
Added Pin To Net: NetName=GND Pin=C8-1
Added Pin To Net: NetName=GND Pin=C9-1
Added Pin To Net: NetName=GND Pin=C10-1
Added Pin To Net: NetName=GND Pin=C11-1
Added Pin To Net: NetName=GND Pin=D1-2
Added Pin To Net: NetName=GND Pin=D2-2
Added Pin To Net: NetName=GND Pin=D3-2
Added Pin To Net: NetName=GND Pin=D4-2
Added Pin To Net: NetName=GND Pin=D5-2
Added Pin To Net: NetName=GND Pin=D6-2
Added Pin To Net: NetName=GND Pin=D8-2
Added Pin To Net: NetName=GND Pin=D9-2
Added Pin To Net: NetName=GND Pin=D10-2
Added Pin To Net: NetName=GND Pin=D11-2
Added Pin To Net: NetName=GND Pin=D12-2
Added Pin To Net: NetName=GND Pin=D13-2
Added Pin To Net: NetName=GND Pin=D14-2
Added Pin To Net: NetName=GND Pin=D15-2
Added Pin To Net: NetName=GND Pin=D16-2
Added Pin To Net: NetName=GND Pin=D17-2
Added Pin To Net: NetName=GND Pin=D18-2
Added Pin To Net: NetName=GND Pin=D19-2
Added Pin To Net: NetName=LED1 Pin=R1-2
Added Pin To Net: NetName=LED1 Pin=R2-2
Added Pin To Net: NetName=LED1 Pin=R3-2
Added Pin To Net: NetName=LED1 Pin=R6-2
Added Pin To Net: NetName=LED1 Pin=R7-2
Added Pin To Net: NetName=LED1 Pin=R8-2
Added Pin To Net: NetName=LED1 Pin=R9-2
Added Pin To Net: NetName=LED1 Pin=R10-2
Added Pin To Net: NetName=LED1 Pin=R11-2
Added Pin To Net: NetName=NetC1_2 Pin=C1-2
Added Pin To Net: NetName=NetC1_2 Pin=D1-1
Added Pin To Net: NetName=NetC1_2 Pin=D4-1
Added Pin To Net: NetName=NetC1_2 Pin=R1-1
Added Net: Name=NetC1_2
Added Pin To Net: NetName=NetC2_2 Pin=C2-2
Added Pin To Net: NetName=NetC2_2 Pin=D2-1
Added Pin To Net: NetName=NetC2_2 Pin=D5-1
Added Pin To Net: NetName=NetC2_2 Pin=R2-1
Added Net: Name=NetC2_2
Added Pin To Net: NetName=NetC3_2 Pin=C3-2
Added Pin To Net: NetName=NetC3_2 Pin=D3-1
Added Pin To Net: NetName=NetC3_2 Pin=D6-1
Added Pin To Net: NetName=NetC3_2 Pin=R3-1
Added Net: Name=NetC3_2
Added Pin To Net: NetName=NetC6_2 Pin=C6-2
Added Pin To Net: NetName=NetC6_2 Pin=D8-1
Added Pin To Net: NetName=NetC6_2 Pin=D11-1
Added Pin To Net: NetName=NetC6_2 Pin=R6-1
Added Net: Name=NetC6_2
Added Pin To Net: NetName=NetC7_2 Pin=C7-2
Added Pin To Net: NetName=NetC7_2 Pin=D9-1
Added Pin To Net: NetName=NetC7_2 Pin=D12-1
Added Pin To Net: NetName=NetC7_2 Pin=R7-1
Added Net: Name=NetC7_2
Added Pin To Net: NetName=NetC8_2 Pin=C8-2
Added Pin To Net: NetName=NetC8_2 Pin=D10-1
Added Pin To Net: NetName=NetC8_2 Pin=D13-1
Added Pin To Net: NetName=NetC8_2 Pin=R8-1
Added Net: Name=NetC8_2
Added Pin To Net: NetName=NetC9_2 Pin=C9-2
Added Pin To Net: NetName=NetC9_2 Pin=D14-1
Added Pin To Net: NetName=NetC9_2 Pin=D17-1
Added Pin To Net: NetName=NetC9_2 Pin=R9-1
Added Net: Name=NetC9_2
Added Pin To Net: NetName=NetC10_2 Pin=C10-2
Added Pin To Net: NetName=NetC10_2 Pin=D15-1
Added Pin To Net: NetName=NetC10_2 Pin=D18-1
Added Pin To Net: NetName=NetC10_2 Pin=R10-1
Added Net: Name=NetC10_2
Added Pin To Net: NetName=NetC11_2 Pin=C11-2
Added Pin To Net: NetName=NetC11_2 Pin=D16-1
Added Pin To Net: NetName=NetC11_2 Pin=D19-1
Added Pin To Net: NetName=NetC11_2 Pin=R11-1
Added Net: Name=NetC11_2
Added Member To Class: ClassName=Main Member=Component C15 Cap
Added Member To Class: ClassName=Main Member=Component C16 Cap
Added Member To Class: ClassName=Main Member=Component C17 Cap
Added Member To Class: ClassName=Main Member=Component C18 Cap
Added Member To Class: ClassName=Main Member=Component C19 Cap
Added Member To Class: ClassName=Main Member=Component C20 Cap
Added Member To Class: ClassName=Main Member=Component C21 Cap
Added Member To Class: ClassName=Main Member=Component C22 Cap
Added Member To Class: ClassName=Main Member=Component C23 Cap
