Added Component: Designator=BT1(BC-2001)
Added Component: Designator=C1(1608[0603])
Added Component: Designator=C2(1608[0603])
Added Component: Designator=C3(1608[0603])
Added Component: Designator=C4(1608[0603])
Added Component: Designator=C5(1608[0603])
Added Component: Designator=C6(1608[0603])
Added Component: Designator=C7(1608[0603])
Added Component: Designator=C8(1608[0603])
Added Component: Designator=C9(1608[0603])
Added Component: Designator=C10(1608[0603])
Added Component: Designator=C11(1608[0603])
Added Component: Designator=D1(SOT23_N)
Added Component: Designator=L1(VLS2010E)
Added Component: Designator=L2(SMD 0805)
Added Component: Designator=LED1(LED_0603_Red)
Added Component: Designator=R1(J1-0603)
Added Component: Designator=R2(J1-0603)
Added Component: Designator=R3(J1-0603)
Added Component: Designator=R4(J1-0603)
Added Component: Designator=R5(J1-0603)
Added Component: Designator=R6(J1-0603)
Added Component: Designator=TP1(TP-R20)
Added Component: Designator=TP2(TP-R20)
Added Component: Designator=TP3(TP-R20)
Added Component: Designator=TP4(TP-R20)
Added Component: Designator=U1(DCK0006A_M)
Added Component: Designator=U2(RGE24_N)
Added Component: Designator=U3(ST TSSOP-8)
Added Component: Designator=Y1(ABRACON ABS25)
Added Pin To Net: NetName=CAP0.2 Pin=U2-12
Added Net: Name=CAP0.2
Added Pin To Net: NetName=CAP0.3 Pin=U2-13
Added Net: Name=CAP0.3
Added Pin To Net: NetName=CAP1.2 Pin=U2-14
Added Net: Name=CAP1.2
Added Pin To Net: NetName=CAP1.3 Pin=U2-15
Added Net: Name=CAP1.3
Added Pin To Net: NetName=CAP2.0 Pin=U2-17
Added Net: Name=CAP2.0
Added Pin To Net: NetName=GND Pin=BT1--
Added Pin To Net: NetName=GND Pin=C1-1
Added Pin To Net: NetName=GND Pin=C2-1
Added Pin To Net: NetName=GND Pin=C3-1
Added Pin To Net: NetName=GND Pin=C4-1
Added Pin To Net: NetName=GND Pin=C5-1
Added Pin To Net: NetName=GND Pin=C6-1
Added Pin To Net: NetName=GND Pin=C7-1
Added Pin To Net: NetName=GND Pin=C8-1
Added Pin To Net: NetName=GND Pin=C9-1
Added Pin To Net: NetName=GND Pin=C10-1
Added Pin To Net: NetName=GND Pin=C11-1
Added Pin To Net: NetName=GND Pin=LED1-2
Added Pin To Net: NetName=GND Pin=R5-1
Added Pin To Net: NetName=GND Pin=TP4-1
Added Pin To Net: NetName=GND Pin=U1-3
Added Pin To Net: NetName=GND Pin=U2-23
Added Pin To Net: NetName=GND Pin=U2-25
Added Net: Name=GND
Added Pin To Net: NetName=I2C_SCL Pin=R3-1
Added Pin To Net: NetName=I2C_SCL Pin=U3-6
Added Net: Name=I2C_SCL
Added Pin To Net: NetName=I2C_SDA Pin=R2-1
Added Pin To Net: NetName=I2C_SDA Pin=U3-5
Added Net: Name=I2C_SDA
Added Pin To Net: NetName=NetL1_2 Pin=L1-2
Added Pin To Net: NetName=NetL1_2 Pin=U1-5
Added Net: Name=NetL1_2
Added Pin To Net: NetName=NetLED1_1 Pin=LED1-1
Added Pin To Net: NetName=NetLED1_1 Pin=R1-1
Added Net: Name=NetLED1_1
Added Pin To Net: NetName=NFC_GPO Pin=R4-1
Added Pin To Net: NetName=NFC_GPO Pin=U3-7
Added Net: Name=NFC_GPO
Added Pin To Net: NetName=RF_DISABLE Pin=R5-2
Added Pin To Net: NetName=RF_DISABLE Pin=U3-1
Added Net: Name=RF_DISABLE
Added Pin To Net: NetName=SBWTCK Pin=TP2-1
Added Pin To Net: NetName=SBWTCK Pin=U2-2
Added Net: Name=SBWTCK
Added Pin To Net: NetName=SBWTDIO_RST Pin=C11-2
Added Pin To Net: NetName=SBWTDIO_RST Pin=R6-1
Added Pin To Net: NetName=SBWTDIO_RST Pin=TP3-1
Added Pin To Net: NetName=SBWTDIO_RST Pin=U2-1
Added Net: Name=SBWTDIO_RST
Added Pin To Net: NetName=VBAT Pin=BT1-+
Added Pin To Net: NetName=VBAT Pin=BT1-+
Added Pin To Net: NetName=VBAT Pin=D1-1
Added Net: Name=VBAT
Added Pin To Net: NetName=VCC_F Pin=C3-2
Added Pin To Net: NetName=VCC_F Pin=C4-2
Added Pin To Net: NetName=VCC_F Pin=C5-2
Added Pin To Net: NetName=VCC_F Pin=L2-2
Added Pin To Net: NetName=VCC_F Pin=U3-8
Added Net: Name=VCC_F
Added Pin To Net: NetName=VCC Pin=C2-2
Added Pin To Net: NetName=VCC Pin=C6-2
Added Pin To Net: NetName=VCC Pin=C7-2
Added Pin To Net: NetName=VCC Pin=L2-1
Added Pin To Net: NetName=VCC Pin=R1-2
Added Pin To Net: NetName=VCC Pin=R2-2
Added Pin To Net: NetName=VCC Pin=R3-2
Added Pin To Net: NetName=VCC Pin=R4-2
Added Pin To Net: NetName=VCC Pin=R6-2
Added Pin To Net: NetName=VCC Pin=TP1-1
Added Pin To Net: NetName=VCC Pin=U1-2
Added Pin To Net: NetName=VCC Pin=U1-4
Added Pin To Net: NetName=VCC Pin=U2-24
Added Net: Name=VCC
Added Pin To Net: NetName=VIN Pin=C1-2
Added Pin To Net: NetName=VIN Pin=D1-2
Added Pin To Net: NetName=VIN Pin=L1-1
Added Pin To Net: NetName=VIN Pin=U1-1
Added Pin To Net: NetName=VIN Pin=U1-6
Added Net: Name=VIN
Added Pin To Net: NetName=VREG Pin=C8-2
Added Pin To Net: NetName=VREG Pin=U2-16
Added Net: Name=VREG
Added Pin To Net: NetName=XIN Pin=C9-2
Added Pin To Net: NetName=XIN Pin=U2-22
Added Pin To Net: NetName=XIN Pin=Y1-1
Added Net: Name=XIN
Added Pin To Net: NetName=XOUT Pin=C10-2
Added Pin To Net: NetName=XOUT Pin=U2-21
Added Pin To Net: NetName=XOUT Pin=Y1-4
Added Net: Name=XOUT
Added Class: Name=Main
Added Room: Name=Main
